\BOOKMARK [1][-]{section.1}{Introduction}{}% 1
\BOOKMARK [1][-]{section.2}{Motivation}{}% 2
\BOOKMARK [2][-]{subsection.2.1}{Context}{section.2}% 3
\BOOKMARK [2][-]{subsection.2.2}{Problem}{section.2}% 4
\BOOKMARK [2][-]{subsection.2.3}{Goal}{section.2}% 5
\BOOKMARK [2][-]{subsection.2.4}{History}{section.2}% 6
\BOOKMARK [2][-]{subsection.2.5}{Parties, Roles and Stakeholders}{section.2}% 7
\BOOKMARK [1][-]{section.3}{Project}{}% 8
\BOOKMARK [2][-]{subsection.3.1}{Scope}{section.3}% 9
\BOOKMARK [2][-]{subsection.3.2}{Deliverables}{section.3}% 10
\BOOKMARK [1][-]{section.4}{Methodology}{}% 11
\BOOKMARK [2][-]{subsection.4.1}{Daily \046 Weekly Activities}{section.4}% 12
\BOOKMARK [2][-]{subsection.4.2}{Quality Management}{section.4}% 13
\BOOKMARK [2][-]{subsection.4.3}{Tools}{section.4}% 14
\BOOKMARK [2][-]{subsection.4.4}{Agreements}{section.4}% 15
\BOOKMARK [1][-]{section.5}{Schedule}{}% 16
\BOOKMARK [2][-]{subsection.5.1}{Global Sprint Planning}{section.5}% 17
\BOOKMARK [1][-]{appendix.A}{Conventions}{}% 18
\BOOKMARK [2][-]{subsection.A.1}{Code Conventions}{appendix.A}% 19
\BOOKMARK [2][-]{subsection.A.2}{Document Conventions}{appendix.A}% 20
\BOOKMARK [2][-]{subsection.A.3}{Version Control Conventions}{appendix.A}% 21
\BOOKMARK [1][-]{appendix.B}{Definition Of Done}{}% 22
